Relatório de Disponibilidade - 20/12/2023 19:02:27
Total de produtos analisados: 116
Total de produtos sem necessidade de alteração: 60
Total de produtos que precisam de alteração: 34
Total de modelos não identificados na kouzinaTray: 8

Modelos não identificados na kouzinaTray:
- 321 - BC-BI-135-XV-2ATD
- 2293 - RF-MD-472-VT-2HMA
- 327 - CFP-ADR-90-XX-2LUA
- 389 - FR-LL-60-XX-NGZA
- 402 - LL-14S-60-SR-2GZB
- 1938 - FR-LL-60-VT-NLGA
- 3108 - CZPI80.F0P7#ZZZH461F
- 3018 - RF-BF-360-XX-2HMA

Sugestões de Alteração:
- 1843 - FMC-LT-25-LC-2GZB: Alterar de 105 dias para 90 dias
- 1963 - BC-BI-86-XV-2ATB: Alterar de 90 dias para 45 dias
- 1977 - FB-BI-86-XV-2ATA: Alterar de 75 dias para 45 dias
- 2415 - FM-EL-60-LC-2TNA: Alterar de 75 dias para 60 dias
- 2416 - FG-AN-60-LC-2TNA: Alterar de 60 dias para 45 dias
- 2434 - FGE-5Q-75-XP-2GMA: Alterar de 105 dias para 90 dias
- 2805 - RF-DU-370-XX-2HSA: Alterar de 135 dias para 120 dias
- 2806 - FZ-DU-274-XX-2HSA: Alterar de 135 dias para 120 dias
- 2961 - BC-BI-424-XV-2ATB: Alterar de 60 dias para 45 dias
- 2964 - CKG-5Q-70-SL-3TNC: Alterar de 60 dias para 45 dias
- 2965 - DA-BI-60-SL-2TNA: Alterar de 135 dias para 120 dias
- 2966 - FGG-8Q-48-XP-1SGA: Alterar de 30 dias para 90 dias
- 2967 - RT-6Q-36-XP-1SGA: Alterar de 135 dias para 120 dias
- 2971 - CKG-5Q-75-LC-3ZEA: Alterar de 45 dias para 90 dias
- 3017 - CFB-BBQ-34-XP-2ELA: Alterar de 120 dias para 105 dias
- 3081 - GA-6S-14-XX-2TNA: Alterar de 30 dias para 120 dias
- 316 - CV-2BI-45-XV-2ATC: Alterar de 60 dias para 45 dias
- 322 - BC-BI-135-XV-1ATF: Alterar de 135 dias para 120 dias
- 323 - BC-BI-135-XV-2ATE: Alterar de 60 dias para 45 dias
- 3250 - LL-14S-60-SR-2VSA: Alterar de 75 dias para 60 dias
- 337 - CFI-NAU-35-XX-2ATB: Alterar de 60 dias para 45 dias
- 347 - CFD-SOL-90-XV-2ATB: Alterar de 60 dias para 45 dias
- 358 - CKG-5Q-90-XQ-3ZEA: Alterar de 120 dias para 105 dias
- 360 - CKG-5Q-90-SL-3TNB: Alterar de 30 dias para 45 dias
- 362 - CKG-4Q-60-VT-3TNA: Alterar de 60 dias para 45 dias
- 364 - CKG-5Q-90-VT-3TNA: Alterar de 60 dias para 45 dias
- 369 - DG-2Q-30-XQ-3ZEA: Alterar de 30 dias para 105 dias
- 370 - DE-BQ-30-XQ-2ZEA: Alterar de 120 dias para 105 dias
- 378 - FGG-5Q-90-XP-2GMA: Alterar de 105 dias para 90 dias
- 380 - FM-EL-75-LC-2TNA: Alterar de 75 dias para 60 dias
- 386 - FM-DG-60-SL-2TNA: Alterar de 135 dias para 120 dias
- 395 - GA-12S-30-XX-2ATA: Alterar de 75 dias para 60 dias
- 397 - IM-BI-18-XX-1SXC: Alterar de 150 dias para 120 dias
- 406 - FMC-FR-40-SL-2TNC: Alterar de 135 dias para 120 dias

Alertas de Revisão:

Produtos sem necessidade de alteração:
- CV-2BI-31-XV-2ATA
- CV-2BI-87-VT-2VPA
- CV-2BI-160-XV-2ATA
- BBQ-3Q-65-XP-NSCA
- CKG-6Q-90-XQ-3ZEB
- CKG-4Q-60-XQ-3ZEA
- DG-1Q-30-XQ-3ZEA
- CKI-4Q-60-CI-2XBB
- CKG-5Q-70-VT-3TNB
- CKI-5Q-90-CI-2XBA
- CKV-4Q-60-CV-2XBA
- CKV-5Q-90-CV-2ZEB
- DI-2Q-30-CI-2XBB
- DG-1Q-38-VT-3ZEA
- DV-2Q-30-XQ-2ZEA
- CKG-4Q-60-SL-3TNB
- FG-AN-90-LC-2LCA
- FM-EL-90-LC-2LCA
- CV-2BI-181-VT-2VPB
- BBQ-5Q-95-XP-NSCA
- CV-2BI-45-XV-1ATB
- CFI-MLN-90-XX-2ATA
- BBQ-4Q-75-XP-NSCB
- CFI-RVN-90-XV-2ATB
- CFP-RVN-90-XV-2ATB
- LL-11S-45-SR-2GZB
- CFP-MLN-60-XX-2ATA
- FM-EL-60-VT-2TNA
- FM-EL-75-VT-2TNA
- FMC-LT-25-VT-2GZA
- CFI-SOS-110-XX-2ATC
- CFI-MLN-120-XX-2ATA
- CFP-MLN-80-XX-2ATA
- CFP-MLN-90-XX-2ATA
- CFI-PAN-50-VP-2ATB
- CFI-PRO-35-XX-2ATB
- CFP-SRT-90-VP-2ATB
- CFI-VTR-90-VP-2ATB
- CFP-VTR-90-VP-2ATB
- CKG-5Q-75-XQ-3ZEA
- FGE-5Q-90-XP-2GMA
- FM-DG-60-VT-2TNA
- FB-BI-135-XV-1ATB
- FMC-FR-40-VT-2TNB
- CFP-BBQ-60-XP-2ELA
- CFB-BBQ-58-XP-2ELA
- CFP-BBQ-36-XP-2ELA
- CKG-5Q-90-LC-3ZEA
- CFP-BBQ-48-XP-2ELA
- CFP-ADR-90-XX-2ATA
- CV-2BI-122-XV-2ATB
- CFP-MLN-80-XX-1ATA
- CFP-MLN-90-XX-1ATA
- CFI-RVN-90-XV-1ATB
- CFP-RVN-90-XV-1ATB
- CKG-4Q-110-VT-3ZEA
- CFI-MLN-90-XX-1ATA
- FB-BI-135-XV-2ATB
- CV-1BI-40-VT-2VPA
- BC-BI-144-VT-2VPA

Produtos com disponibilidade '0':

Produtos com disponibilidade 'Imediata':
- CV-2FS-77-XV-2ATA

Total de produtos analisados: 116
